<?xml version="1.0" encoding="UTF-8"?>
<!-- Generated by org.testng.reporters.JUnitReportReporter -->
<testsuite hostname="ISTN13515" failures="0" tests="3" name="day34.SecondTest" time="16.650" errors="0" timestamp="2024-02-26T14:22:05 TRT" skipped="0">
  <testcase classname="day34.SecondTest" name="openApp" time="12.074"/>
  <testcase classname="day34.SecondTest" name="login" time="3.357"/>
  <testcase classname="day34.SecondTest" name="closeApp" time="1.219"/>
</testsuite> <!-- day34.SecondTest -->
