<?xml version="1.0" encoding="UTF-8"?>
<!-- Generated by org.testng.reporters.JUnitReportReporter -->
<testsuite hostname="ISTN13515" failures="0" tests="3" name="TestNG.day34.FirstTest" time="0.011" errors="0" timestamp="2024-02-27T15:32:25 TRT" skipped="0">
  <testcase classname="TestNG.day34.FirstTest" name="openapp" time="0.010"/>
  <testcase classname="TestNG.day34.FirstTest" name="login" time="0.001"/>
  <testcase classname="TestNG.day34.FirstTest" name="logout" time="0.000"/>
</testsuite> <!-- TestNG.day34.FirstTest -->
