<?xml version="1.0" encoding="UTF-8"?>
<!-- Generated by org.testng.reporters.JUnitReportReporter -->
<testsuite hostname="ISTN13515" failures="0" tests="3" name="day34.ThirdTestCase" time="0.002" errors="0" timestamp="2024-02-26T14:22:05 TRT" skipped="0">
  <testcase classname="day34.ThirdTestCase" name="test1" time="0.001"/>
  <testcase classname="day34.ThirdTestCase" name="test2" time="0.000"/>
  <testcase classname="day34.ThirdTestCase" name="test3" time="0.001"/>
</testsuite> <!-- day34.ThirdTestCase -->
